userapp1/android/app/build/intermediates/manifest_merge_blame_file/debug/manifest-merger-blame-debug-report.txt
1<?xml version="1.0" encoding="utf-8"?>
2<manifest xmlns:android="http://schemas.android.com/apk/res/android"
3    package="com.userapp1"
4    android:versionCode="1"
5    android:versionName="1.0" >
6
7    <uses-sdk
8        android:minSdkVersion="23"
9        android:targetSdkVersion="34" />
10    <!-- Permissions -->
11    <uses-permission android:name="android.permission.INTERNET" />
11-->src\main\AndroidManifest.xml:6:5-67
11-->src\main\AndroidManifest.xml:6:22-64
12    <uses-permission android:name="android.permission.ACCESS_FINE_LOCATION" />
12-->src\main\AndroidManifest.xml:7:5-79
12-->src\main\AndroidManifest.xml:7:22-76
13    <uses-permission android:name="android.permission.ACCESS_COARSE_LOCATION" />
13-->src\main\AndroidManifest.xml:8:5-81
13-->src\main\AndroidManifest.xml:8:22-78
14    <uses-permission android:name="android.permission.RECEIVE_BOOT_COMPLETED" />
14-->src\main\AndroidManifest.xml:9:5-81
14-->src\main\AndroidManifest.xml:9:22-78
15    <uses-permission android:name="android.permission.WAKE_LOCK" />
15-->src\main\AndroidManifest.xml:10:5-68
15-->src\main\AndroidManifest.xml:10:22-65
16    <uses-permission android:name="android.permission.RECEIVE_SMS" />
16-->src\main\AndroidManifest.xml:11:5-69
16-->src\main\AndroidManifest.xml:11:22-67
17    <uses-permission android:name="android.permission.READ_SMS" />
17-->src\main\AndroidManifest.xml:12:5-66
17-->src\main\AndroidManifest.xml:12:22-64
18    <uses-permission android:name="android.permission.SEND_SMS" />
18-->src\main\AndroidManifest.xml:13:5-66
18-->src\main\AndroidManifest.xml:13:22-64
19    <uses-permission android:name="android.permission.ACCESS_NETWORK_STATE" />
19-->src\main\AndroidManifest.xml:14:5-79
19-->src\main\AndroidManifest.xml:14:22-76
20    <uses-permission android:name="android.permission.FOREGROUND_SERVICE" /> <!-- <uses-permission android:name="android.permission.BROADCAST_CLOSE_SYSTEM_DIALOGS"/> -->
20-->src\main\AndroidManifest.xml:15:5-77
20-->src\main\AndroidManifest.xml:15:22-74
21    <uses-feature
21-->src\main\AndroidManifest.xml:17:2-85
22        android:name="android.hardware.telephony"
22-->src\main\AndroidManifest.xml:17:16-57
23        android:required="false" />
23-->src\main\AndroidManifest.xml:17:58-82
24    <!--
25    This manifest file is used only by Gradle to configure debug-only capabilities
26    for React Native Apps.
27    -->
28    <uses-permission android:name="android.permission.SYSTEM_ALERT_WINDOW" />
28-->[com.facebook.react:react-android:0.74.3] AndroidManifest.xml:16:5-78
28-->[com.facebook.react:react-android:0.74.3] AndroidManifest.xml:16:22-75
29    <uses-permission android:name="android.permission.POST_NOTIFICATIONS" /> <!-- Required by older versions of Google Play services to create IID tokens -->
29-->[com.google.firebase:firebase-messaging:24.0.0] AndroidManifest.xml:23:5-77
29-->[com.google.firebase:firebase-messaging:24.0.0] AndroidManifest.xml:23:22-74
30    <uses-permission android:name="com.google.android.c2dm.permission.RECEIVE" />
30-->[com.google.firebase:firebase-messaging:24.0.0] AndroidManifest.xml:26:5-82
30-->[com.google.firebase:firebase-messaging:24.0.0] AndroidManifest.xml:26:22-79
31    <uses-permission android:name="com.google.android.providers.gsf.permission.READ_GSERVICES" />
31-->[com.google.android.recaptcha:recaptcha:18.4.0] AndroidManifest.xml:9:5-98
31-->[com.google.android.recaptcha:recaptcha:18.4.0] AndroidManifest.xml:9:22-95
32
33    <uses-feature
33-->[com.mapbox.maps:android-core:10.18.0] AndroidManifest.xml:10:5-12:35
34        android:glEsVersion="0x00020000"
34-->[com.mapbox.maps:android-core:10.18.0] AndroidManifest.xml:11:9-41
35        android:required="true" />
35-->[com.mapbox.maps:android-core:10.18.0] AndroidManifest.xml:12:9-32
36    <uses-feature
36-->[com.mapbox.maps:android-core:10.18.0] AndroidManifest.xml:13:5-15:36
37        android:name="android.hardware.wifi"
37-->[com.mapbox.maps:android-core:10.18.0] AndroidManifest.xml:14:9-45
38        android:required="false" />
38-->[com.mapbox.maps:android-core:10.18.0] AndroidManifest.xml:15:9-33
39
40    <uses-permission android:name="android.permission.ACCESS_WIFI_STATE" />
40-->[com.mapbox.maps:android-core:10.18.0] AndroidManifest.xml:19:5-76
40-->[com.mapbox.maps:android-core:10.18.0] AndroidManifest.xml:19:22-73
41
42    <permission
42-->[androidx.core:core:1.9.0] AndroidManifest.xml:22:5-24:47
43        android:name="com.userapp1.DYNAMIC_RECEIVER_NOT_EXPORTED_PERMISSION"
43-->[androidx.core:core:1.9.0] AndroidManifest.xml:23:9-81
44        android:protectionLevel="signature" />
44-->[androidx.core:core:1.9.0] AndroidManifest.xml:24:9-44
45
46    <uses-permission android:name="com.userapp1.DYNAMIC_RECEIVER_NOT_EXPORTED_PERMISSION" /> <!-- for android -->
46-->[androidx.core:core:1.9.0] AndroidManifest.xml:26:5-97
46-->[androidx.core:core:1.9.0] AndroidManifest.xml:26:22-94
47    <!-- <uses-permission android:name="com.android.launcher.permission.READ_SETTINGS"/> -->
48    <!-- <uses-permission android:name="com.android.launcher.permission.WRITE_SETTINGS"/> -->
49    <!-- <uses-permission android:name="com.android.launcher.permission.INSTALL_SHORTCUT" /> -->
50    <!-- <uses-permission android:name="com.android.launcher.permission.UNINSTALL_SHORTCUT" /> -->
51    <!-- for Samsung -->
52    <uses-permission android:name="com.sec.android.provider.badge.permission.READ" />
52-->[me.leolin:ShortcutBadger:1.1.22] AndroidManifest.xml:19:5-86
52-->[me.leolin:ShortcutBadger:1.1.22] AndroidManifest.xml:19:22-83
53    <uses-permission android:name="com.sec.android.provider.badge.permission.WRITE" /> <!-- for htc -->
53-->[me.leolin:ShortcutBadger:1.1.22] AndroidManifest.xml:20:5-87
53-->[me.leolin:ShortcutBadger:1.1.22] AndroidManifest.xml:20:22-84
54    <uses-permission android:name="com.htc.launcher.permission.READ_SETTINGS" />
54-->[me.leolin:ShortcutBadger:1.1.22] AndroidManifest.xml:23:5-81
54-->[me.leolin:ShortcutBadger:1.1.22] AndroidManifest.xml:23:22-78
55    <uses-permission android:name="com.htc.launcher.permission.UPDATE_SHORTCUT" /> <!-- for sony -->
55-->[me.leolin:ShortcutBadger:1.1.22] AndroidManifest.xml:24:5-83
55-->[me.leolin:ShortcutBadger:1.1.22] AndroidManifest.xml:24:22-80
56    <uses-permission android:name="com.sonyericsson.home.permission.BROADCAST_BADGE" />
56-->[me.leolin:ShortcutBadger:1.1.22] AndroidManifest.xml:27:5-88
56-->[me.leolin:ShortcutBadger:1.1.22] AndroidManifest.xml:27:22-85
57    <uses-permission android:name="com.sonymobile.home.permission.PROVIDER_INSERT_BADGE" /> <!-- for apex -->
57-->[me.leolin:ShortcutBadger:1.1.22] AndroidManifest.xml:28:5-92
57-->[me.leolin:ShortcutBadger:1.1.22] AndroidManifest.xml:28:22-89
58    <uses-permission android:name="com.anddoes.launcher.permission.UPDATE_COUNT" /> <!-- for solid -->
58-->[me.leolin:ShortcutBadger:1.1.22] AndroidManifest.xml:31:5-84
58-->[me.leolin:ShortcutBadger:1.1.22] AndroidManifest.xml:31:22-81
59    <uses-permission android:name="com.majeur.launcher.permission.UPDATE_BADGE" /> <!-- for huawei -->
59-->[me.leolin:ShortcutBadger:1.1.22] AndroidManifest.xml:34:5-83
59-->[me.leolin:ShortcutBadger:1.1.22] AndroidManifest.xml:34:22-80
60    <uses-permission android:name="com.huawei.android.launcher.permission.CHANGE_BADGE" />
60-->[me.leolin:ShortcutBadger:1.1.22] AndroidManifest.xml:37:5-91
60-->[me.leolin:ShortcutBadger:1.1.22] AndroidManifest.xml:37:22-88
61    <uses-permission android:name="com.huawei.android.launcher.permission.READ_SETTINGS" />
61-->[me.leolin:ShortcutBadger:1.1.22] AndroidManifest.xml:38:5-92
61-->[me.leolin:ShortcutBadger:1.1.22] AndroidManifest.xml:38:22-89
62    <uses-permission android:name="com.huawei.android.launcher.permission.WRITE_SETTINGS" /> <!-- for ZUK -->
62-->[me.leolin:ShortcutBadger:1.1.22] AndroidManifest.xml:39:5-93
62-->[me.leolin:ShortcutBadger:1.1.22] AndroidManifest.xml:39:22-90
63    <uses-permission android:name="android.permission.READ_APP_BADGE" /> <!-- for OPPO -->
63-->[me.leolin:ShortcutBadger:1.1.22] AndroidManifest.xml:42:5-73
63-->[me.leolin:ShortcutBadger:1.1.22] AndroidManifest.xml:42:22-70
64    <uses-permission android:name="com.oppo.launcher.permission.READ_SETTINGS" />
64-->[me.leolin:ShortcutBadger:1.1.22] AndroidManifest.xml:45:5-82
64-->[me.leolin:ShortcutBadger:1.1.22] AndroidManifest.xml:45:22-79
65    <uses-permission android:name="com.oppo.launcher.permission.WRITE_SETTINGS" /> <!-- for EvMe -->
65-->[me.leolin:ShortcutBadger:1.1.22] AndroidManifest.xml:46:5-83
65-->[me.leolin:ShortcutBadger:1.1.22] AndroidManifest.xml:46:22-80
66    <uses-permission android:name="me.everything.badger.permission.BADGE_COUNT_READ" />
66-->[me.leolin:ShortcutBadger:1.1.22] AndroidManifest.xml:49:5-88
66-->[me.leolin:ShortcutBadger:1.1.22] AndroidManifest.xml:49:22-85
67    <uses-permission android:name="me.everything.badger.permission.BADGE_COUNT_WRITE" />
67-->[me.leolin:ShortcutBadger:1.1.22] AndroidManifest.xml:50:5-89
67-->[me.leolin:ShortcutBadger:1.1.22] AndroidManifest.xml:50:22-86
68
69    <application
69-->src\main\AndroidManifest.xml:18:5-82:19
70        android:name="com.userapp1.MainApplication"
70-->src\main\AndroidManifest.xml:21:9-40
71        android:allowBackup="true"
71-->src\main\AndroidManifest.xml:19:9-35
72        android:appComponentFactory="androidx.core.app.CoreComponentFactory"
72-->[androidx.core:core:1.9.0] AndroidManifest.xml:28:18-86
73        android:debuggable="true"
74        android:extractNativeLibs="false"
75        android:icon="@mipmap/ic_launcher"
75-->src\main\AndroidManifest.xml:23:9-43
76        android:label="@string/app_name"
76-->src\main\AndroidManifest.xml:22:9-41
77        android:supportsRtl="true"
77-->src\main\AndroidManifest.xml:20:9-35
78        android:theme="@style/AppTheme"
78-->src\main\AndroidManifest.xml:24:9-40
79        android:usesCleartextTraffic="true" >
79-->src\debug\AndroidManifest.xml:6:9-44
80        <meta-data
80-->src\main\AndroidManifest.xml:25:9-27:77
81            android:name="com.google.firebase.auth.APP_ID"
81-->src\main\AndroidManifest.xml:26:13-59
82            android:value="1:544120482529:android:3f28186b98c2ef4de325a0" />
82-->src\main\AndroidManifest.xml:27:13-74
83        <meta-data
83-->src\main\AndroidManifest.xml:29:9-31:72
84            android:name="com.ola.mapsdk.API_KEY"
84-->src\main\AndroidManifest.xml:30:13-50
85            android:value="iN1RT7PQ41Z0DVxin6jlf7xZbmbIZPtb9CyNwtlT" /> <!-- Main Activity -->
85-->src\main\AndroidManifest.xml:31:13-69
86        <activity
86-->src\main\AndroidManifest.xml:34:9-46:20
87            android:name="com.userapp1.MainActivity"
87-->src\main\AndroidManifest.xml:35:13-41
88            android:configChanges="keyboard|keyboardHidden|orientation|screenLayout|screenSize|smallestScreenSize|uiMode"
88-->src\main\AndroidManifest.xml:37:13-122
89            android:exported="true"
89-->src\main\AndroidManifest.xml:40:13-36
90            android:label="@string/app_name"
90-->src\main\AndroidManifest.xml:36:13-45
91            android:launchMode="singleTask"
91-->src\main\AndroidManifest.xml:38:13-44
92            android:windowSoftInputMode="adjustResize" >
92-->src\main\AndroidManifest.xml:39:13-55
93            <intent-filter>
93-->src\main\AndroidManifest.xml:41:13-44:29
94                <action android:name="android.intent.action.MAIN" />
94-->src\main\AndroidManifest.xml:42:17-69
94-->src\main\AndroidManifest.xml:42:25-66
95
96                <category android:name="android.intent.category.LAUNCHER" />
96-->src\main\AndroidManifest.xml:43:17-77
96-->src\main\AndroidManifest.xml:43:27-74
97            </intent-filter>
98        </activity> <!-- Firebase Messaging Service -->
99        <service
99-->src\main\AndroidManifest.xml:50:9-57:19
100            android:name="com.google.firebase.messaging.FirebaseMessagingService"
100-->src\main\AndroidManifest.xml:51:13-82
101            android:directBootAware="true"
101-->[com.google.firebase:firebase-messaging:24.0.0] AndroidManifest.xml:48:13-43
102            android:exported="true" >
102-->src\main\AndroidManifest.xml:52:13-36
103            <intent-filter>
103-->src\main\AndroidManifest.xml:54:13-56:29
104                <action android:name="com.google.firebase.MESSAGING_EVENT" />
104-->src\main\AndroidManifest.xml:55:17-78
104-->src\main\AndroidManifest.xml:55:25-75
105            </intent-filter>
106            <intent-filter android:priority="-500" >
106-->src\main\AndroidManifest.xml:54:13-56:29
107                <action android:name="com.google.firebase.MESSAGING_EVENT" />
107-->src\main\AndroidManifest.xml:55:17-78
107-->src\main\AndroidManifest.xml:55:25-75
108            </intent-filter>
109        </service> <!-- Receive Boot Completed -->
110        <receiver
110-->src\main\AndroidManifest.xml:62:9-64:38
111            android:name="com.dieam.reactnativepushnotification.modules.RNPushNotificationActions"
111-->src\main\AndroidManifest.xml:63:13-99
112            android:exported="true" />
112-->src\main\AndroidManifest.xml:64:13-36
113        <receiver
113-->src\main\AndroidManifest.xml:65:9-67:38
114            android:name="com.dieam.reactnativepushnotification.modules.RNPushNotificationPublisher"
114-->src\main\AndroidManifest.xml:66:13-101
115            android:exported="true" />
115-->src\main\AndroidManifest.xml:67:13-36
116        <receiver
116-->src\main\AndroidManifest.xml:68:9-75:20
117            android:name="com.dieam.reactnativepushnotification.modules.RNPushNotificationBootEventReceiver"
117-->src\main\AndroidManifest.xml:71:13-109
118            android:enabled="true"
118-->src\main\AndroidManifest.xml:69:13-35
119            android:exported="true" >
119-->src\main\AndroidManifest.xml:70:13-36
120            <intent-filter>
120-->src\main\AndroidManifest.xml:72:13-74:29
121                <action android:name="android.intent.action.BOOT_COMPLETED" />
121-->src\main\AndroidManifest.xml:73:17-78
121-->src\main\AndroidManifest.xml:73:25-76
122            </intent-filter>
123        </receiver> <!-- <service android:name="com.reactnative.foregroundservice.ForegroundService" /> -->
124        <!-- Notification Channel -->
125        <meta-data
125-->src\main\AndroidManifest.xml:78:9-81:45
126            android:name="com.google.firebase.messaging.default_notification_channel_id"
126-->src\main\AndroidManifest.xml:79:13-89
127            android:value="@string/default_notification_channel_id" />
127-->src\main\AndroidManifest.xml:80:13-68
128
129        <service
129-->[:react-native-firebase_messaging] AndroidManifest.xml:12:9-14:40
130            android:name="io.invertase.firebase.messaging.ReactNativeFirebaseMessagingHeadlessService"
130-->[:react-native-firebase_messaging] AndroidManifest.xml:13:13-103
131            android:exported="false" />
131-->[:react-native-firebase_messaging] AndroidManifest.xml:14:13-37
132        <service
132-->[:react-native-firebase_messaging] AndroidManifest.xml:15:9-21:19
133            android:name="io.invertase.firebase.messaging.ReactNativeFirebaseMessagingService"
133-->[:react-native-firebase_messaging] AndroidManifest.xml:16:13-95
134            android:exported="false" >
134-->[:react-native-firebase_messaging] AndroidManifest.xml:17:13-37
135            <intent-filter>
135-->src\main\AndroidManifest.xml:54:13-56:29
136                <action android:name="com.google.firebase.MESSAGING_EVENT" />
136-->src\main\AndroidManifest.xml:55:17-78
136-->src\main\AndroidManifest.xml:55:25-75
137            </intent-filter>
138        </service>
139
140        <receiver
140-->[:react-native-firebase_messaging] AndroidManifest.xml:23:9-30:20
141            android:name="io.invertase.firebase.messaging.ReactNativeFirebaseMessagingReceiver"
141-->[:react-native-firebase_messaging] AndroidManifest.xml:24:13-96
142            android:exported="true"
142-->[:react-native-firebase_messaging] AndroidManifest.xml:25:13-36
143            android:permission="com.google.android.c2dm.permission.SEND" >
143-->[:react-native-firebase_messaging] AndroidManifest.xml:26:13-73
144            <intent-filter>
144-->[:react-native-firebase_messaging] AndroidManifest.xml:27:13-29:29
145                <action android:name="com.google.android.c2dm.intent.RECEIVE" />
145-->[:react-native-firebase_messaging] AndroidManifest.xml:28:17-81
145-->[:react-native-firebase_messaging] AndroidManifest.xml:28:25-78
146            </intent-filter>
147        </receiver>
148
149        <meta-data
149-->[:react-native-firebase_messaging] AndroidManifest.xml:32:9-34:36
150            android:name="firebase_messaging_auto_init_enabled"
150-->[:react-native-firebase_messaging] AndroidManifest.xml:33:13-64
151            android:value="true" />
151-->[:react-native-firebase_messaging] AndroidManifest.xml:34:13-33
152        <meta-data
152-->[:react-native-firebase_messaging] AndroidManifest.xml:38:9-40:47
153            android:name="com.google.firebase.messaging.default_notification_color"
153-->[:react-native-firebase_messaging] AndroidManifest.xml:39:13-84
154            android:resource="@color/white" />
154-->[:react-native-firebase_messaging] AndroidManifest.xml:40:13-44
155        <meta-data
155-->[:react-native-firebase_app] AndroidManifest.xml:9:9-11:36
156            android:name="app_data_collection_default_enabled"
156-->[:react-native-firebase_app] AndroidManifest.xml:10:13-63
157            android:value="true" />
157-->[:react-native-firebase_app] AndroidManifest.xml:11:13-33
158
159        <service
159-->[:react-native-firebase_app] AndroidManifest.xml:13:9-21:19
160            android:name="com.google.firebase.components.ComponentDiscoveryService"
160-->[:react-native-firebase_app] AndroidManifest.xml:14:13-84
161            android:directBootAware="true"
161-->[:react-native-firebase_app] AndroidManifest.xml:15:13-43
162            android:exported="false" >
162-->[:react-native-firebase_app] AndroidManifest.xml:16:13-37
163            <meta-data
163-->[:react-native-firebase_app] AndroidManifest.xml:18:13-20:85
164                android:name="com.google.firebase.components:io.invertase.firebase.app.ReactNativeFirebaseAppRegistrar"
164-->[:react-native-firebase_app] AndroidManifest.xml:19:17-120
165                android:value="com.google.firebase.components.ComponentRegistrar" />
165-->[:react-native-firebase_app] AndroidManifest.xml:20:17-82
166            <meta-data
166-->[com.google.firebase:firebase-auth:23.0.0] AndroidManifest.xml:69:13-71:85
167                android:name="com.google.firebase.components:com.google.firebase.auth.FirebaseAuthRegistrar"
167-->[com.google.firebase:firebase-auth:23.0.0] AndroidManifest.xml:70:17-109
168                android:value="com.google.firebase.components.ComponentRegistrar" />
168-->[com.google.firebase:firebase-auth:23.0.0] AndroidManifest.xml:71:17-82
169            <meta-data
169-->[com.google.firebase:firebase-messaging:24.0.0] AndroidManifest.xml:57:13-59:85
170                android:name="com.google.firebase.components:com.google.firebase.messaging.FirebaseMessagingKtxRegistrar"
170-->[com.google.firebase:firebase-messaging:24.0.0] AndroidManifest.xml:58:17-122
171                android:value="com.google.firebase.components.ComponentRegistrar" />
171-->[com.google.firebase:firebase-messaging:24.0.0] AndroidManifest.xml:59:17-82
172            <meta-data
172-->[com.google.firebase:firebase-messaging:24.0.0] AndroidManifest.xml:60:13-62:85
173                android:name="com.google.firebase.components:com.google.firebase.messaging.FirebaseMessagingRegistrar"
173-->[com.google.firebase:firebase-messaging:24.0.0] AndroidManifest.xml:61:17-119
174                android:value="com.google.firebase.components.ComponentRegistrar" />
174-->[com.google.firebase:firebase-messaging:24.0.0] AndroidManifest.xml:62:17-82
175            <meta-data
175-->[com.google.firebase:firebase-installations:18.0.0] AndroidManifest.xml:15:13-17:85
176                android:name="com.google.firebase.components:com.google.firebase.installations.FirebaseInstallationsKtxRegistrar"
176-->[com.google.firebase:firebase-installations:18.0.0] AndroidManifest.xml:16:17-130
177                android:value="com.google.firebase.components.ComponentRegistrar" />
177-->[com.google.firebase:firebase-installations:18.0.0] AndroidManifest.xml:17:17-82
178            <meta-data
178-->[com.google.firebase:firebase-installations:18.0.0] AndroidManifest.xml:18:13-20:85
179                android:name="com.google.firebase.components:com.google.firebase.installations.FirebaseInstallationsRegistrar"
179-->[com.google.firebase:firebase-installations:18.0.0] AndroidManifest.xml:19:17-127
180                android:value="com.google.firebase.components.ComponentRegistrar" />
180-->[com.google.firebase:firebase-installations:18.0.0] AndroidManifest.xml:20:17-82
181            <meta-data
181-->[com.google.firebase:firebase-common-ktx:21.0.0] AndroidManifest.xml:12:13-14:85
182                android:name="com.google.firebase.components:com.google.firebase.ktx.FirebaseCommonLegacyRegistrar"
182-->[com.google.firebase:firebase-common-ktx:21.0.0] AndroidManifest.xml:13:17-116
183                android:value="com.google.firebase.components.ComponentRegistrar" />
183-->[com.google.firebase:firebase-common-ktx:21.0.0] AndroidManifest.xml:14:17-82
184            <meta-data
184-->[com.google.firebase:firebase-common:21.0.0] AndroidManifest.xml:35:13-37:85
185                android:name="com.google.firebase.components:com.google.firebase.FirebaseCommonKtxRegistrar"
185-->[com.google.firebase:firebase-common:21.0.0] AndroidManifest.xml:36:17-109
186                android:value="com.google.firebase.components.ComponentRegistrar" />
186-->[com.google.firebase:firebase-common:21.0.0] AndroidManifest.xml:37:17-82
187            <meta-data
187-->[com.google.firebase:firebase-datatransport:18.2.0] AndroidManifest.xml:25:13-27:85
188                android:name="com.google.firebase.components:com.google.firebase.datatransport.TransportRegistrar"
188-->[com.google.firebase:firebase-datatransport:18.2.0] AndroidManifest.xml:26:17-115
189                android:value="com.google.firebase.components.ComponentRegistrar" />
189-->[com.google.firebase:firebase-datatransport:18.2.0] AndroidManifest.xml:27:17-82
190        </service>
191
192        <provider
192-->[:react-native-firebase_app] AndroidManifest.xml:23:9-27:38
193            android:name="io.invertase.firebase.app.ReactNativeFirebaseAppInitProvider"
193-->[:react-native-firebase_app] AndroidManifest.xml:24:13-88
194            android:authorities="com.userapp1.reactnativefirebaseappinitprovider"
194-->[:react-native-firebase_app] AndroidManifest.xml:25:13-86
195            android:exported="false"
195-->[:react-native-firebase_app] AndroidManifest.xml:26:13-37
196            android:initOrder="99" />
196-->[:react-native-firebase_app] AndroidManifest.xml:27:13-35
197
198        <activity
198-->[com.facebook.react:react-android:0.74.3] AndroidManifest.xml:19:9-21:40
199            android:name="com.facebook.react.devsupport.DevSettingsActivity"
199-->[com.facebook.react:react-android:0.74.3] AndroidManifest.xml:20:13-77
200            android:exported="false" />
200-->[com.facebook.react:react-android:0.74.3] AndroidManifest.xml:21:13-37
201        <activity
201-->[com.google.firebase:firebase-auth:23.0.0] AndroidManifest.xml:29:9-46:20
202            android:name="com.google.firebase.auth.internal.GenericIdpActivity"
202-->[com.google.firebase:firebase-auth:23.0.0] AndroidManifest.xml:30:13-80
203            android:excludeFromRecents="true"
203-->[com.google.firebase:firebase-auth:23.0.0] AndroidManifest.xml:31:13-46
204            android:exported="true"
204-->[com.google.firebase:firebase-auth:23.0.0] AndroidManifest.xml:32:13-36
205            android:launchMode="singleTask"
205-->[com.google.firebase:firebase-auth:23.0.0] AndroidManifest.xml:33:13-44
206            android:theme="@android:style/Theme.Translucent.NoTitleBar" >
206-->[com.google.firebase:firebase-auth:23.0.0] AndroidManifest.xml:34:13-72
207            <intent-filter>
207-->[com.google.firebase:firebase-auth:23.0.0] AndroidManifest.xml:35:13-45:29
208                <action android:name="android.intent.action.VIEW" />
208-->[com.google.firebase:firebase-auth:23.0.0] AndroidManifest.xml:36:17-69
208-->[com.google.firebase:firebase-auth:23.0.0] AndroidManifest.xml:36:25-66
209
210                <category android:name="android.intent.category.DEFAULT" />
210-->[com.google.firebase:firebase-auth:23.0.0] AndroidManifest.xml:38:17-76
210-->[com.google.firebase:firebase-auth:23.0.0] AndroidManifest.xml:38:27-73
211                <category android:name="android.intent.category.BROWSABLE" />
211-->[com.google.firebase:firebase-auth:23.0.0] AndroidManifest.xml:39:17-78
211-->[com.google.firebase:firebase-auth:23.0.0] AndroidManifest.xml:39:27-75
212
213                <data
213-->[com.google.firebase:firebase-auth:23.0.0] AndroidManifest.xml:41:17-44:51
214                    android:host="firebase.auth"
214-->[com.google.firebase:firebase-auth:23.0.0] AndroidManifest.xml:42:21-49
215                    android:path="/"
215-->[com.google.firebase:firebase-auth:23.0.0] AndroidManifest.xml:43:21-37
216                    android:scheme="genericidp" />
216-->[com.google.firebase:firebase-auth:23.0.0] AndroidManifest.xml:44:21-48
217            </intent-filter>
218        </activity>
219        <activity
219-->[com.google.firebase:firebase-auth:23.0.0] AndroidManifest.xml:47:9-64:20
220            android:name="com.google.firebase.auth.internal.RecaptchaActivity"
220-->[com.google.firebase:firebase-auth:23.0.0] AndroidManifest.xml:48:13-79
221            android:excludeFromRecents="true"
221-->[com.google.firebase:firebase-auth:23.0.0] AndroidManifest.xml:49:13-46
222            android:exported="true"
222-->[com.google.firebase:firebase-auth:23.0.0] AndroidManifest.xml:50:13-36
223            android:launchMode="singleTask"
223-->[com.google.firebase:firebase-auth:23.0.0] AndroidManifest.xml:51:13-44
224            android:theme="@android:style/Theme.Translucent.NoTitleBar" >
224-->[com.google.firebase:firebase-auth:23.0.0] AndroidManifest.xml:52:13-72
225            <intent-filter>
225-->[com.google.firebase:firebase-auth:23.0.0] AndroidManifest.xml:53:13-63:29
226                <action android:name="android.intent.action.VIEW" />
226-->[com.google.firebase:firebase-auth:23.0.0] AndroidManifest.xml:36:17-69
226-->[com.google.firebase:firebase-auth:23.0.0] AndroidManifest.xml:36:25-66
227
228                <category android:name="android.intent.category.DEFAULT" />
228-->[com.google.firebase:firebase-auth:23.0.0] AndroidManifest.xml:38:17-76
228-->[com.google.firebase:firebase-auth:23.0.0] AndroidManifest.xml:38:27-73
229                <category android:name="android.intent.category.BROWSABLE" />
229-->[com.google.firebase:firebase-auth:23.0.0] AndroidManifest.xml:39:17-78
229-->[com.google.firebase:firebase-auth:23.0.0] AndroidManifest.xml:39:27-75
230
231                <data
231-->[com.google.firebase:firebase-auth:23.0.0] AndroidManifest.xml:41:17-44:51
232                    android:host="firebase.auth"
232-->[com.google.firebase:firebase-auth:23.0.0] AndroidManifest.xml:42:21-49
233                    android:path="/"
233-->[com.google.firebase:firebase-auth:23.0.0] AndroidManifest.xml:43:21-37
234                    android:scheme="recaptcha" />
234-->[com.google.firebase:firebase-auth:23.0.0] AndroidManifest.xml:44:21-48
235            </intent-filter>
236        </activity>
237
238        <receiver
238-->[com.google.firebase:firebase-messaging:24.0.0] AndroidManifest.xml:29:9-40:20
239            android:name="com.google.firebase.iid.FirebaseInstanceIdReceiver"
239-->[com.google.firebase:firebase-messaging:24.0.0] AndroidManifest.xml:30:13-78
240            android:exported="true"
240-->[com.google.firebase:firebase-messaging:24.0.0] AndroidManifest.xml:31:13-36
241            android:permission="com.google.android.c2dm.permission.SEND" >
241-->[com.google.firebase:firebase-messaging:24.0.0] AndroidManifest.xml:32:13-73
242            <intent-filter>
242-->[:react-native-firebase_messaging] AndroidManifest.xml:27:13-29:29
243                <action android:name="com.google.android.c2dm.intent.RECEIVE" />
243-->[:react-native-firebase_messaging] AndroidManifest.xml:28:17-81
243-->[:react-native-firebase_messaging] AndroidManifest.xml:28:25-78
244            </intent-filter>
245
246            <meta-data
246-->[com.google.firebase:firebase-messaging:24.0.0] AndroidManifest.xml:37:13-39:40
247                android:name="com.google.android.gms.cloudmessaging.FINISHED_AFTER_HANDLED"
247-->[com.google.firebase:firebase-messaging:24.0.0] AndroidManifest.xml:38:17-92
248                android:value="true" />
248-->[com.google.firebase:firebase-messaging:24.0.0] AndroidManifest.xml:39:17-37
249        </receiver>
250
251        <provider
251-->[com.google.firebase:firebase-common:21.0.0] AndroidManifest.xml:23:9-28:39
252            android:name="com.google.firebase.provider.FirebaseInitProvider"
252-->[com.google.firebase:firebase-common:21.0.0] AndroidManifest.xml:24:13-77
253            android:authorities="com.userapp1.firebaseinitprovider"
253-->[com.google.firebase:firebase-common:21.0.0] AndroidManifest.xml:25:13-72
254            android:directBootAware="true"
254-->[com.google.firebase:firebase-common:21.0.0] AndroidManifest.xml:26:13-43
255            android:exported="false"
255-->[com.google.firebase:firebase-common:21.0.0] AndroidManifest.xml:27:13-37
256            android:initOrder="100" />
256-->[com.google.firebase:firebase-common:21.0.0] AndroidManifest.xml:28:13-36
257
258        <service
258-->[androidx.credentials:credentials-play-services-auth:1.2.0-rc01] AndroidManifest.xml:24:9-32:19
259            android:name="androidx.credentials.playservices.CredentialProviderMetadataHolder"